<?xml version="1.0" encoding="UTF-8"?>
<testsuite xmlns:xsi="http://www.w3.org/2001/XMLSchema-instance" xsi:noNamespaceSchemaLocation="https://maven.apache.org/surefire/maven-surefire-plugin/xsd/surefire-test-report-3.0.xsd" version="3.0" name="com.upb.agripos.service.AuditLogServiceImplTest" time="0.373" tests="22" errors="0" skipped="0" failures="0">
  <properties>
[...]
</properties>
  <testcase name="testLogWithIpAddress" classname="com.upb.agripos.service.AuditLogServiceImplTest" time="0.028"/>
  <testcase name="testGetLogsByNullTransaction" classname="com.upb.agripos.service.AuditLogServiceImplTest" time="0.001"/>
  <testcase name="testExportLogsUnsupportedFormat" classname="com.upb.agripos.service.AuditLogServiceImplTest" time="0.007"/>
  <testcase name="testGetLogsByUser" classname="com.upb.agripos.service.AuditLogServiceImplTest" time="0.003"/>
  <testcase name="testExportLogsCSV" classname="com.upb.agripos.service.AuditLogServiceImplTest" time="0.005">
    <system-out><![CDATA[Exporting 1 logs to audit_logs.csv in CSV format
]]></system-out>
  </testcase>
  <testcase name="testExportLogsPDF" classname="com.upb.agripos.service.AuditLogServiceImplTest" time="0.002">
    <system-out><![CDATA[Exporting 0 logs to audit_logs.pdf in PDF format
]]></system-out>
  </testcase>
  <testcase name="testLogEventSuccessfully" classname="com.upb.agripos.service.AuditLogServiceImplTest" time="0.001"/>
  <testcase name="testExportLogsNullFormat" classname="com.upb.agripos.service.AuditLogServiceImplTest" time="0.004"/>
  <testcase name="testClearLogs" classname="com.upb.agripos.service.AuditLogServiceImplTest" time="0.004"/>
  <testcase name="testGetLogsByNonExistentTransaction" classname="com.upb.agripos.service.AuditLogServiceImplTest" time="0.002"/>
  <testcase name="testGetLogsByUnusedAction" classname="com.upb.agripos.service.AuditLogServiceImplTest" time="0.007"/>
  <testcase name="testExportLogsExcel" classname="com.upb.agripos.service.AuditLogServiceImplTest" time="0.002">
    <system-out><![CDATA[Exporting 0 logs to audit_logs.xlsx in EXCEL format
]]></system-out>
  </testcase>
  <testcase name="testLogNullAction" classname="com.upb.agripos.service.AuditLogServiceImplTest" time="0.015"/>
  <testcase name="testLogWithAutoGeneratedId" classname="com.upb.agripos.service.AuditLogServiceImplTest" time="0.208"/>
  <testcase name="testLogNullUserId" classname="com.upb.agripos.service.AuditLogServiceImplTest" time="0.001"/>
  <testcase name="testGetLogsByAction" classname="com.upb.agripos.service.AuditLogServiceImplTest" time="0.002"/>
  <testcase name="testGetAllLogsInvalidLimit" classname="com.upb.agripos.service.AuditLogServiceImplTest" time="0.003"/>
  <testcase name="testExportLogsNullFilename" classname="com.upb.agripos.service.AuditLogServiceImplTest" time="0.004"/>
  <testcase name="testGetLogsByNonExistentUser" classname="com.upb.agripos.service.AuditLogServiceImplTest" time="0.003"/>
  <testcase name="testGetAllLogsWithLimit" classname="com.upb.agripos.service.AuditLogServiceImplTest" time="0.007"/>
  <testcase name="testGetLogsByTransaction" classname="com.upb.agripos.service.AuditLogServiceImplTest" time="0.002"/>
  <testcase name="testGetAllLogsExceedingLimit" classname="com.upb.agripos.service.AuditLogServiceImplTest" time="0"/>
</testsuite>